<?xml version="1.0" encoding="UTF-8"?>
<testsuite name="dio.junit.test.PessoaTest" tests="1" skipped="0" failures="0" errors="0" timestamp="2023-10-15T13:09:21" hostname="DESKTOP-1E9RI3H" time="0.025">
  <properties/>
  <testcase name="validaIgualdade()" classname="dio.junit.test.PessoaTest" time="0.025"/>
  <system-out><![CDATA[]]></system-out>
  <system-err><![CDATA[]]></system-err>
</testsuite>
